Round 1
5 | U | 0 ms  
3 | java.lang.RuntimeException: :( | 0 ms  
4 | L | 0 ms  
1 | L | 157 ms  
2 | null | 500+ ms (timeout) 
Round 2
5 | U | 0 ms  
3 | java.lang.RuntimeException: :( | 0 ms  (dead)
4 | L | 0 ms  
1 | L | 158 ms  
2 | null | 500+ ms (timeout) (dead)
Round 3
5 | U | 0 ms  
3 | java.lang.RuntimeException: :( | 0 ms  (dead)
4 | U | 0 ms  
1 | U | 159 ms  
2 | null | 500+ ms (timeout) (dead)
Round 4
5 | U | 1 ms  
3 | java.lang.RuntimeException: :( | 0 ms  (dead)
4 | null | 500+ ms (timeout) 
1 | R | 158 ms  
2 | null | 500+ ms (timeout) (dead)
Round 5
5 | U | 0 ms  
3 | java.lang.RuntimeException: :( | 0 ms  (dead)
4 | null | 500+ ms (timeout) (dead)
1 | R | 158 ms  
2 | null | 500+ ms (timeout) (dead)
Round 6
5 | U | 0 ms  (dead)
3 | java.lang.RuntimeException: :( | 0 ms  (dead)
4 | R | 367 ms  (dead)
1 | R | 155 ms  
2 | null | 500+ ms (timeout) (dead)
Round 7
5 | U | 0 ms  (dead)
3 | java.lang.RuntimeException: :( | 0 ms  (dead)
4 | R | 0 ms  (dead)
1 | D | 158 ms  
2 | null | 500+ ms (timeout) (dead)
Round 8
5 | U | 0 ms  (dead)
3 | java.lang.RuntimeException: :( | 1 ms  (dead)
4 | R | 0 ms  (dead)
1 | D | 156 ms  
2 | null | 500+ ms (timeout) (dead)
Round 9
5 | U | 0 ms  (dead)
3 | java.lang.RuntimeException: :( | 0 ms  (dead)
4 | R | 0 ms  (dead)
1 | D | 159 ms  
2 | null | 500+ ms (timeout) (dead)
Round 10
5 | U | 0 ms  (dead)
3 | java.lang.RuntimeException: :( | 0 ms  (dead)
4 | R | 0 ms  (dead)
1 | D | 158 ms  
2 | null | 500+ ms (timeout) (dead)
Round 11
5 | U | 0 ms  (dead)
3 | java.lang.RuntimeException: :( | 0 ms  (dead)
4 | R | 0 ms  (dead)
1 | D | 158 ms  
2 | null | 500+ ms (timeout) (dead)
Round 12
5 | U | 0 ms  (dead)
3 | java.lang.RuntimeException: :( | 0 ms  (dead)
4 | R | 0 ms  (dead)
1 | D | 159 ms  
2 | null | 500+ ms (timeout) (dead)
Round 13
5 | U | 0 ms  (dead)
3 | java.lang.RuntimeException: :( | 0 ms  (dead)
4 | R | 0 ms  (dead)
1 | R | 155 ms  
2 | null | 500+ ms (timeout) (dead)
Round 14
5 | U | 0 ms  (dead)
3 | java.lang.RuntimeException: :( | 0 ms  (dead)
4 | null | 500+ ms (timeout) (dead)
1 | U | 158 ms  
2 | null | 500+ ms (timeout) (dead)
Round 15
5 | U | 0 ms  (dead)
3 | java.lang.RuntimeException: :( | 0 ms  (dead)
4 | null | 500+ ms (timeout) (dead)
1 | U | 154 ms  
2 | null | 500+ ms (timeout) (dead)
Round 16
5 | U | 0 ms  (dead)
3 | java.lang.RuntimeException: :( | 0 ms  (dead)
4 | R | 363 ms  (dead)
1 | U | 158 ms  
2 | null | 500+ ms (timeout) (dead)
Round 17
5 | U | 0 ms  (dead)
3 | java.lang.RuntimeException: :( | 0 ms  (dead)
4 | R | 0 ms  (dead)
1 | U | 158 ms  
2 | null | 500+ ms (timeout) (dead)
Round 18
5 | U | 0 ms  (dead)
3 | java.lang.RuntimeException: :( | 0 ms  (dead)
4 | R | 0 ms  (dead)
1 | U | 158 ms  
2 | null | 500+ ms (timeout) (dead)
Round 19
5 | U | 0 ms  (dead)
3 | java.lang.RuntimeException: :( | 0 ms  (dead)
4 | R | 0 ms  (dead)
1 | U | 156 ms  
2 | null | 500+ ms (timeout) (dead)
Round 20
5 | U | 0 ms  (dead)
3 | java.lang.RuntimeException: :( | 0 ms  (dead)
4 | R | 0 ms  (dead)
1 | R | 158 ms  
2 | null | 500+ ms (timeout) (dead)
Round 21
5 | U | 1 ms  (dead)
3 | java.lang.RuntimeException: :( | 0 ms  (dead)
4 | R | 0 ms  (dead)
1 | D | 159 ms  
2 | null | 500+ ms (timeout) (dead)
Round 22
5 | U | 0 ms  (dead)
3 | java.lang.RuntimeException: :( | 0 ms  (dead)
4 | R | 0 ms  (dead)
1 | D | 159 ms  
2 | null | 500+ ms (timeout) (dead)
Round 23
5 | U | 0 ms  (dead)
3 | java.lang.RuntimeException: :( | 0 ms  (dead)
4 | R | 0 ms  (dead)
1 | D | 159 ms  
2 | null | 500+ ms (timeout) (dead)
Round 24
5 | U | 0 ms  (dead)
3 | java.lang.RuntimeException: :( | 0 ms  (dead)
4 | null | 500+ ms (timeout) (dead)
1 | D | 159 ms  
2 | null | 500+ ms (timeout) (dead)
Round 25
5 | U | 0 ms  (dead)
3 | java.lang.RuntimeException: :( | 0 ms  (dead)
4 | null | 500+ ms (timeout) (dead)
1 | D | 151 ms  
2 | null | 500+ ms (timeout) (dead)
Round 26
5 | U | 0 ms  (dead)
3 | java.lang.RuntimeException: :( | 0 ms  (dead)
4 | R | 352 ms  (dead)
1 | D | 155 ms  
2 | null | 500+ ms (timeout) (dead)
Round 27
5 | U | 0 ms  (dead)
3 | java.lang.RuntimeException: :( | 0 ms  (dead)
4 | R | 0 ms  (dead)
1 | R | 155 ms  
2 | null | 500+ ms (timeout) (dead)
Round 28
5 | U | 0 ms  (dead)
3 | java.lang.RuntimeException: :( | 0 ms  (dead)
4 | R | 0 ms  (dead)
1 | U | 158 ms  
2 | null | 500+ ms (timeout) (dead)
Round 29
5 | U | 0 ms  (dead)
3 | java.lang.RuntimeException: :( | 0 ms  (dead)
4 | R | 0 ms  (dead)
1 | U | 158 ms  
2 | null | 500+ ms (timeout) (dead)
Round 30
5 | U | 0 ms  (dead)
3 | java.lang.RuntimeException: :( | 0 ms  (dead)
4 | R | 0 ms  (dead)
1 | U | 159 ms  
2 | null | 500+ ms (timeout) (dead)
Round 31
5 | U | 0 ms  (dead)
3 | java.lang.RuntimeException: :( | 0 ms  (dead)
4 | R | 0 ms  (dead)
1 | R | 158 ms  
2 | null | 500+ ms (timeout) (dead)
Round 32
5 | U | 0 ms  (dead)
3 | java.lang.RuntimeException: :( | 0 ms  (dead)
4 | R | 0 ms  (dead)
1 | U | 156 ms  
2 | null | 500+ ms (timeout) (dead)
Round 33
5 | U | 0 ms  (dead)
3 | java.lang.RuntimeException: :( | 2 ms  (dead)
4 | R | 1 ms  (dead)
1 | L | 158 ms  
2 | null | 500+ ms (timeout) (dead)
Round 34
5 | U | 0 ms  (dead)
3 | java.lang.RuntimeException: :( | 0 ms  (dead)
4 | null | 500+ ms (timeout) (dead)
1 | U | 0 ms  
2 | null | 500+ ms (timeout) (dead)
Round 35
5 | U | 0 ms  (dead)
3 | java.lang.RuntimeException: :( | 0 ms  (dead)
4 | null | 500+ ms (timeout) (dead)
1 | U | 0 ms  
2 | null | 500+ ms (timeout) (dead)
Round 36
5 | U | 0 ms  (dead)
3 | java.lang.RuntimeException: :( | 0 ms  (dead)
4 | R | 355 ms  (dead)
1 | R | 155 ms  
2 | null | 500+ ms (timeout) (dead)
Round 37
5 | U | 0 ms  (dead)
3 | java.lang.RuntimeException: :( | 0 ms  (dead)
4 | R | 0 ms  (dead)
1 | U | 156 ms  
2 | null | 500+ ms (timeout) (dead)
Round 38
5 | U | 0 ms  (dead)
3 | java.lang.RuntimeException: :( | 0 ms  (dead)
4 | R | 0 ms  (dead)
1 | L | 158 ms  
2 | null | 500+ ms (timeout) (dead)
Round 39
5 | U | 0 ms  (dead)
3 | java.lang.RuntimeException: :( | 0 ms  (dead)
4 | R | 0 ms  (dead)
1 | L | 157 ms  
2 | null | 500+ ms (timeout) (dead)
Round 40
5 | U | 0 ms  (dead)
3 | java.lang.RuntimeException: :( | 0 ms  (dead)
4 | R | 0 ms  (dead)
1 | L | 158 ms  
2 | null | 500+ ms (timeout) (dead)
Round 41
5 | U | 0 ms  (dead)
3 | java.lang.RuntimeException: :( | 0 ms  (dead)
4 | R | 0 ms  (dead)
1 | L | 158 ms  
2 | null | 500+ ms (timeout) (dead)
Round 42
5 | U | 0 ms  (dead)
3 | java.lang.RuntimeException: :( | 0 ms  (dead)
4 | R | 0 ms  (dead)
1 | L | 157 ms  
2 | null | 500+ ms (timeout) (dead)
Round 43
5 | U | 0 ms  (dead)
3 | java.lang.RuntimeException: :( | 0 ms  (dead)
4 | R | 0 ms  (dead)
1 | L | 162 ms  
2 | null | 500+ ms (timeout) (dead)
Round 44
5 | U | 0 ms  (dead)
3 | java.lang.RuntimeException: :( | 0 ms  (dead)
4 | null | 500+ ms (timeout) (dead)
1 | L | 158 ms  
2 | null | 500+ ms (timeout) (dead)
Round 45
5 | U | 0 ms  (dead)
3 | java.lang.RuntimeException: :( | 0 ms  (dead)
4 | null | 500+ ms (timeout) (dead)
1 | U | 158 ms  
2 | null | 500+ ms (timeout) (dead)
Round 46
5 | U | 0 ms  (dead)
3 | java.lang.RuntimeException: :( | 1 ms  (dead)
4 | R | 334 ms  (dead)
1 | R | 158 ms  
2 | null | 500+ ms (timeout) (dead)
Round 47
5 | U | 0 ms  (dead)
3 | java.lang.RuntimeException: :( | 0 ms  (dead)
4 | R | 0 ms  (dead)
1 | R | 156 ms  
2 | null | 500+ ms (timeout) (dead)
Round 48
5 | U | 0 ms  (dead)
3 | java.lang.RuntimeException: :( | 1 ms  (dead)
4 | R | 0 ms  (dead)
1 | R | 152 ms  
2 | null | 500+ ms (timeout) (dead)
Round 49
5 | U | 0 ms  (dead)
3 | java.lang.RuntimeException: :( | 0 ms  (dead)
4 | R | 0 ms  (dead)
1 | R | 155 ms  
2 | null | 500+ ms (timeout) (dead)
Round 50
5 | U | 0 ms  (dead)
3 | java.lang.RuntimeException: :( | 0 ms  (dead)
4 | R | 0 ms  (dead)
1 | R | 158 ms  
2 | null | 500+ ms (timeout) (dead)
Round 51
5 | U | 0 ms  (dead)
3 | java.lang.RuntimeException: :( | 0 ms  (dead)
4 | R | 0 ms  (dead)
1 | R | 158 ms  
2 | null | 500+ ms (timeout) (dead)
Round 52
5 | U | 0 ms  (dead)
3 | java.lang.RuntimeException: :( | 0 ms  (dead)
4 | R | 0 ms  (dead)
1 | R | 158 ms  
2 | null | 500+ ms (timeout) (dead)
Round 53
5 | U | 0 ms  (dead)
3 | java.lang.RuntimeException: :( | 0 ms  (dead)
4 | R | 0 ms  (dead)
1 | R | 158 ms  
2 | null | 500+ ms (timeout) (dead)
Round 54
5 | U | 0 ms  (dead)
3 | java.lang.RuntimeException: :( | 0 ms  (dead)
4 | null | 500+ ms (timeout) (dead)
1 | D | 157 ms  
2 | null | 500+ ms (timeout) (dead)
Round 55
5 | U | 0 ms  (dead)
3 | java.lang.RuntimeException: :( | 0 ms  (dead)
4 | null | 500+ ms (timeout) (dead)
1 | D | 158 ms  
2 | null | 500+ ms (timeout) (dead)
Round 56
5 | U | 1 ms  (dead)
3 | java.lang.RuntimeException: :( | 0 ms  (dead)
4 | R | 357 ms  (dead)
1 | D | 153 ms  
2 | null | 500+ ms (timeout) (dead)
Round 57
5 | U | 0 ms  (dead)
3 | java.lang.RuntimeException: :( | 0 ms  (dead)
4 | R | 0 ms  (dead)
1 | D | 157 ms  
2 | null | 500+ ms (timeout) (dead)
Round 58
5 | U | 0 ms  (dead)
3 | java.lang.RuntimeException: :( | 0 ms  (dead)
4 | R | 0 ms  (dead)
1 | D | 159 ms  
2 | null | 500+ ms (timeout) (dead)
Round 59
5 | U | 0 ms  (dead)
3 | java.lang.RuntimeException: :( | 0 ms  (dead)
4 | R | 0 ms  (dead)
1 | R | 158 ms  
2 | null | 500+ ms (timeout) (dead)
Round 60
5 | U | 0 ms  (dead)
3 | java.lang.RuntimeException: :( | 0 ms  (dead)
4 | R | 0 ms  (dead)
1 | R | 157 ms  
2 | null | 500+ ms (timeout) (dead)
Round 61
5 | U | 1 ms  (dead)
3 | java.lang.RuntimeException: :( | 0 ms  (dead)
4 | R | 1 ms  (dead)
1 | R | 160 ms  
2 | null | 500+ ms (timeout) (dead)
Round 62
5 | U | 0 ms  (dead)
3 | java.lang.RuntimeException: :( | 0 ms  (dead)
4 | R | 0 ms  (dead)
1 | R | 155 ms  
2 | null | 500+ ms (timeout) (dead)
Round 63
5 | U | 0 ms  (dead)
3 | java.lang.RuntimeException: :( | 0 ms  (dead)
4 | R | 0 ms  (dead)
1 | R | 158 ms  
2 | null | 500+ ms (timeout) (dead)
Round 64
5 | U | 0 ms  (dead)
3 | java.lang.RuntimeException: :( | 0 ms  (dead)
4 | null | 500+ ms (timeout) (dead)
1 | R | 158 ms  
2 | null | 500+ ms (timeout) (dead)
Round 65
5 | U | 60 ms  (dead)
3 | java.lang.RuntimeException: :( | 1 ms  (dead)
4 | null | 500+ ms (timeout) (dead)
1 | R | 154 ms  
2 | null | 500+ ms (timeout) (dead)
Round 66
5 | U | 0 ms  (dead)
3 | java.lang.RuntimeException: :( | 0 ms  (dead)
4 | R | 353 ms  (dead)
1 | D | 158 ms  
2 | null | 500+ ms (timeout) (dead)
Round 67
5 | U | 0 ms  (dead)
3 | java.lang.RuntimeException: :( | 0 ms  (dead)
4 | R | 0 ms  (dead)
1 | L | 157 ms  
2 | null | 500+ ms (timeout) (dead)
Round 68
5 | U | 1 ms  (dead)
3 | java.lang.RuntimeException: :( | 0 ms  (dead)
4 | R | 0 ms  (dead)
1 | L | 158 ms  
2 | null | 500+ ms (timeout) (dead)
Round 69
5 | U | 0 ms  (dead)
3 | java.lang.RuntimeException: :( | 0 ms  (dead)
4 | R | 0 ms  (dead)
1 | L | 158 ms  
2 | null | 500+ ms (timeout) (dead)
Round 70
5 | U | 0 ms  (dead)
3 | java.lang.RuntimeException: :( | 0 ms  (dead)
4 | R | 0 ms  (dead)
1 | L | 158 ms  
2 | null | 500+ ms (timeout) (dead)
Round 71
5 | U | 0 ms  (dead)
3 | java.lang.RuntimeException: :( | 0 ms  (dead)
4 | R | 0 ms  (dead)
1 | L | 158 ms  
2 | null | 500+ ms (timeout) (dead)
Round 72
5 | U | 0 ms  (dead)
3 | java.lang.RuntimeException: :( | 0 ms  (dead)
4 | R | 0 ms  (dead)
1 | L | 159 ms  
2 | null | 500+ ms (timeout) (dead)
Round 73
5 | U | 0 ms  (dead)
3 | java.lang.RuntimeException: :( | 0 ms  (dead)
4 | R | 0 ms  (dead)
1 | L | 155 ms  
2 | null | 500+ ms (timeout) (dead)
Round 74
5 | U | 0 ms  (dead)
3 | java.lang.RuntimeException: :( | 0 ms  (dead)
4 | null | 500+ ms (timeout) (dead)
1 | L | 158 ms  
2 | null | 500+ ms (timeout) (dead)
Round 75
5 | U | 0 ms  (dead)
3 | java.lang.RuntimeException: :( | 0 ms  (dead)
4 | null | 500+ ms (timeout) (dead)
1 | D | 0 ms  
2 | null | 500+ ms (timeout) (dead)
Round 76
5 | U | 0 ms  (dead)
3 | java.lang.RuntimeException: :( | 0 ms  (dead)
4 | R | 386 ms  (dead)
1 | R | 1 ms  
2 | null | 500+ ms (timeout) (dead)
Round 77
5 | U | 0 ms  (dead)
3 | java.lang.RuntimeException: :( | 0 ms  (dead)
4 | R | 0 ms  (dead)
1 | R | 157 ms  
2 | null | 500+ ms (timeout) (dead)
Round 78
5 | U | 0 ms  (dead)
3 | java.lang.RuntimeException: :( | 0 ms  (dead)
4 | R | 0 ms  (dead)
1 | R | 158 ms  
2 | null | 500+ ms (timeout) (dead)
Round 79
5 | U | 0 ms  (dead)
3 | java.lang.RuntimeException: :( | 0 ms  (dead)
4 | R | 0 ms  (dead)
1 | R | 157 ms  
2 | null | 500+ ms (timeout) (dead)
Round 80
5 | U | 0 ms  (dead)
3 | java.lang.RuntimeException: :( | 0 ms  (dead)
4 | R | 65 ms  (dead)
1 | R | 157 ms  
2 | null | 500+ ms (timeout) (dead)
Round 81
5 | U | 0 ms  (dead)
3 | java.lang.RuntimeException: :( | 0 ms  (dead)
4 | R | 0 ms  (dead)
1 | R | 157 ms  
2 | null | 500+ ms (timeout) (dead)
Round 82
5 | U | 0 ms  (dead)
3 | java.lang.RuntimeException: :( | 0 ms  (dead)
4 | R | 0 ms  (dead)
1 | R | 157 ms  
2 | null | 500+ ms (timeout) (dead)
Round 83
5 | U | 0 ms  (dead)
3 | java.lang.RuntimeException: :( | 0 ms  (dead)
4 | R | 0 ms  (dead)
1 | R | 158 ms  
2 | null | 500+ ms (timeout) (dead)
Round 84
5 | U | 0 ms  (dead)
3 | java.lang.RuntimeException: :( | 0 ms  (dead)
4 | null | 500+ ms (timeout) (dead)
1 | D | 159 ms  
2 | null | 500+ ms (timeout) (dead)
Round 85
5 | U | 0 ms  (dead)
3 | java.lang.RuntimeException: :( | 0 ms  (dead)
4 | null | 500+ ms (timeout) (dead)
1 | L | 156 ms  
2 | null | 500+ ms (timeout) (dead)
Round 86
5 | U | 0 ms  (dead)
3 | java.lang.RuntimeException: :( | 0 ms  (dead)
4 | R | 358 ms  (dead)
1 | L | 158 ms  
2 | null | 500+ ms (timeout) (dead)
Round 87
5 | U | 0 ms  (dead)
3 | java.lang.RuntimeException: :( | 0 ms  (dead)
4 | R | 0 ms  (dead)
1 | L | 156 ms  
2 | null | 500+ ms (timeout) (dead)
Round 88
5 | U | 0 ms  (dead)
3 | java.lang.RuntimeException: :( | 0 ms  (dead)
4 | R | 0 ms  (dead)
1 | L | 157 ms  
2 | null | 500+ ms (timeout) (dead)
Round 89
5 | U | 0 ms  (dead)
3 | java.lang.RuntimeException: :( | 0 ms  (dead)
4 | R | 0 ms  (dead)
1 | L | 159 ms  
2 | null | 500+ ms (timeout) (dead)
Round 90
5 | U | 0 ms  (dead)
3 | java.lang.RuntimeException: :( | 0 ms  (dead)
4 | R | 0 ms  (dead)
1 | D | 155 ms  
2 | null | 500+ ms (timeout) (dead)
Round 91
5 | U | 0 ms  (dead)
3 | java.lang.RuntimeException: :( | 0 ms  (dead)
4 | R | 0 ms  (dead)
1 | R | 156 ms  
2 | null | 500+ ms (timeout) (dead)
Round 92
5 | U | 0 ms  (dead)
3 | java.lang.RuntimeException: :( | 0 ms  (dead)
4 | R | 0 ms  (dead)
1 | R | 158 ms  
2 | null | 500+ ms (timeout) (dead)
Round 93
5 | U | 0 ms  (dead)
3 | java.lang.RuntimeException: :( | 0 ms  (dead)
4 | R | 0 ms  (dead)
1 | R | 159 ms  
2 | null | 500+ ms (timeout) (dead)
Round 94
5 | U | 0 ms  (dead)
3 | java.lang.RuntimeException: :( | 0 ms  (dead)
4 | null | 500+ ms (timeout) (dead)
1 | D | 160 ms  
2 | null | 500+ ms (timeout) (dead)
Round 95
5 | U | 0 ms  (dead)
3 | java.lang.RuntimeException: :( | 0 ms  (dead)
4 | null | 500+ ms (timeout) (dead)
1 | L | 154 ms  
2 | null | 500+ ms (timeout) (dead)
Round 96
5 | U | 0 ms  (dead)
3 | java.lang.RuntimeException: :( | 1 ms  (dead)
4 | R | 359 ms  (dead)
1 | L | 159 ms  
2 | null | 500+ ms (timeout) (dead)
Round 97
5 | U | 0 ms  (dead)
3 | java.lang.RuntimeException: :( | 0 ms  (dead)
4 | R | 0 ms  (dead)
1 | L | 156 ms  
2 | null | 500+ ms (timeout) (dead)
Round 98
5 | U | 0 ms  (dead)
3 | java.lang.RuntimeException: :( | 0 ms  (dead)
4 | R | 0 ms  (dead)
1 | L | 155 ms  
2 | null | 500+ ms (timeout) (dead)
Round 99
5 | U | 0 ms  (dead)
3 | java.lang.RuntimeException: :( | 0 ms  (dead)
4 | R | 0 ms  (dead)
1 | U | 156 ms  
2 | null | 500+ ms (timeout) (dead)
Round 100
5 | U | 0 ms  (dead)
3 | java.lang.RuntimeException: :( | 0 ms  (dead)
4 | R | 0 ms  (dead)
1 | U | 159 ms  
2 | null | 500+ ms (timeout) (dead)
Round 101
5 | U | 1 ms  (dead)
3 | java.lang.RuntimeException: :( | 0 ms  (dead)
4 | R | 0 ms  (dead)
1 | L | 0 ms  
2 | null | 500+ ms (timeout) (dead)
Round 102
5 | U | 0 ms  (dead)
3 | java.lang.RuntimeException: :( | 0 ms  (dead)
4 | R | 0 ms  (dead)
1 | D | 0 ms  
2 | null | 500+ ms (timeout) (dead)
Round 103
5 | U | 1 ms  (dead)
3 | java.lang.RuntimeException: :( | 19 ms  (dead)
4 | R | 1 ms  (dead)
1 | L | 0 ms  
2 | null | 500+ ms (timeout) (dead)
Round 104
5 | U | 0 ms  (dead)
3 | java.lang.RuntimeException: :( | 0 ms  (dead)
4 | null | 500+ ms (timeout) (dead)
1 | L | 0 ms  
2 | null | 500+ ms (timeout) (dead)
Round 105
5 | U | 0 ms  (dead)
3 | java.lang.RuntimeException: :( | 0 ms  (dead)
4 | null | 500+ ms (timeout) (dead)
1 | L | 0 ms  
2 | null | 500+ ms (timeout) (dead)
Round 106
5 | U | 0 ms  (dead)
3 | java.lang.RuntimeException: :( | 0 ms  (dead)
4 | R | 373 ms  (dead)
1 | L | 0 ms  
2 | null | 500+ ms (timeout) (dead)
Round 107
5 | U | 0 ms  (dead)
3 | java.lang.RuntimeException: :( | 0 ms  (dead)
4 | R | 0 ms  (dead)
1 | L | 0 ms  
2 | null | 500+ ms (timeout) (dead)
Round 108
5 | U | 0 ms  (dead)
3 | java.lang.RuntimeException: :( | 0 ms  (dead)
4 | R | 0 ms  (dead)
1 | L | 0 ms  
2 | null | 500+ ms (timeout) (dead)
Round 109
5 | U | 0 ms  (dead)
3 | java.lang.RuntimeException: :( | 0 ms  (dead)
4 | R | 0 ms  (dead)
1 | L | 0 ms  
2 | null | 500+ ms (timeout) (dead)
Round 110
5 | U | 0 ms  (dead)
3 | java.lang.RuntimeException: :( | 1 ms  (dead)
4 | R | 0 ms  (dead)
1 | U | 157 ms  
2 | null | 500+ ms (timeout) (dead)
Round 111
5 | U | 0 ms  (dead)
3 | java.lang.RuntimeException: :( | 0 ms  (dead)
4 | R | 0 ms  (dead)
1 | U | 0 ms  
2 | null | 500+ ms (timeout) (dead)
Round 112
5 | U | 0 ms  (dead)
3 | java.lang.RuntimeException: :( | 0 ms  (dead)
4 | R | 0 ms  (dead)
1 | U | 0 ms  
2 | null | 500+ ms (timeout) (dead)
Round 113
5 | U | 1 ms  (dead)
3 | java.lang.RuntimeException: :( | 0 ms  (dead)
4 | R | 0 ms  (dead)
1 | U | 0 ms  
2 | null | 500+ ms (timeout) (dead)
Round 114
5 | U | 0 ms  (dead)
3 | java.lang.RuntimeException: :( | 0 ms  (dead)
4 | null | 500+ ms (timeout) (dead)
1 | U | 1 ms  
2 | null | 500+ ms (timeout) (dead)
Round 115
5 | U | 0 ms  (dead)
3 | java.lang.RuntimeException: :( | 1 ms  (dead)
4 | null | 500+ ms (timeout) (dead)
1 | L | 0 ms  
2 | null | 500+ ms (timeout) (dead)
Round 116
5 | U | 0 ms  (dead)
3 | java.lang.RuntimeException: :( | 0 ms  (dead)
4 | R | 377 ms  (dead)
1 | L | 1 ms  
2 | null | 500+ ms (timeout) (dead)
Round 117
5 | U | 0 ms  (dead)
3 | java.lang.RuntimeException: :( | 0 ms  (dead)
4 | R | 0 ms  (dead)
1 | L | 157 ms  
2 | null | 500+ ms (timeout) (dead)
Round 118
5 | U | 0 ms  (dead)
3 | java.lang.RuntimeException: :( | 0 ms  (dead)
4 | R | 0 ms  (dead)
1 | L | 157 ms  
2 | null | 500+ ms (timeout) (dead)
Round 119
5 | U | 0 ms  (dead)
3 | java.lang.RuntimeException: :( | 0 ms  (dead)
4 | R | 0 ms  (dead)
1 | L | 0 ms  
2 | null | 500+ ms (timeout) (dead)
Round 120
5 | U | 0 ms  (dead)
3 | java.lang.RuntimeException: :( | 0 ms  (dead)
4 | R | 0 ms  (dead)
1 | L | 0 ms  
2 | null | 500+ ms (timeout) (dead)
Round 121
5 | U | 0 ms  (dead)
3 | java.lang.RuntimeException: :( | 0 ms  (dead)
4 | R | 0 ms  (dead)
1 | L | 0 ms  
2 | null | 500+ ms (timeout) (dead)
Round 122
5 | U | 0 ms  (dead)
3 | java.lang.RuntimeException: :( | 0 ms  (dead)
4 | R | 0 ms  (dead)
1 | U | 0 ms  
2 | null | 500+ ms (timeout) (dead)
Round 123
5 | U | 0 ms  (dead)
3 | java.lang.RuntimeException: :( | 0 ms  (dead)
4 | R | 0 ms  (dead)
1 | U | 0 ms  
2 | null | 500+ ms (timeout) (dead)
Round 124
5 | U | 0 ms  (dead)
3 | java.lang.RuntimeException: :( | 0 ms  (dead)
4 | null | 500+ ms (timeout) (dead)
1 | U | 0 ms  
2 | null | 500+ ms (timeout) (dead)
Round 125
5 | U | 0 ms  (dead)
3 | java.lang.RuntimeException: :( | 0 ms  (dead)
4 | null | 500+ ms (timeout) (dead)
1 | R | 0 ms  
2 | null | 500+ ms (timeout) (dead)
Round 126
5 | U | 0 ms  (dead)
3 | java.lang.RuntimeException: :( | 7 ms  (dead)
4 | R | 368 ms  (dead)
1 | R | 0 ms  
2 | null | 500+ ms (timeout) (dead)
Round 127
5 | U | 0 ms  (dead)
3 | java.lang.RuntimeException: :( | 0 ms  (dead)
4 | R | 0 ms  (dead)
1 | D | 158 ms  
2 | null | 500+ ms (timeout) (dead)
Round 128
5 | U | 0 ms  (dead)
3 | java.lang.RuntimeException: :( | 2 ms  (dead)
4 | D | 0 ms  (dead)
1 | R | 0 ms  
2 | null | 500+ ms (timeout) (dead)
Round 129
5 | U | 0 ms  (dead)
3 | java.lang.RuntimeException: :( | 0 ms  (dead)
4 | D | 0 ms  (dead)
1 | U | 149 ms  
2 | null | 500+ ms (timeout) (dead)
Round 130
5 | U | 0 ms  (dead)
3 | java.lang.RuntimeException: :( | 0 ms  (dead)
4 | D | 0 ms  (dead)
1 | R | 0 ms  
2 | null | 500+ ms (timeout) (dead)
Round 131
5 | U | 0 ms  (dead)
3 | java.lang.RuntimeException: :( | 1 ms  (dead)
4 | D | 0 ms  (dead)
1 | D | 150 ms  
2 | null | 500+ ms (timeout) (dead)
Round 132
5 | U | 0 ms  (dead)
3 | java.lang.RuntimeException: :( | 5 ms  (dead)
4 | D | 0 ms  (dead)
1 | D | 158 ms  
2 | null | 500+ ms (timeout) (dead)
Round 133
5 | U | 0 ms  (dead)
3 | java.lang.RuntimeException: :( | 0 ms  (dead)
4 | D | 0 ms  (dead)
1 | R | 0 ms  
2 | null | 500+ ms (timeout) (dead)
Round 134
5 | U | 0 ms  (dead)
3 | java.lang.RuntimeException: :( | 0 ms  (dead)
4 | null | 500+ ms (timeout) (dead)
1 | U | 0 ms  
2 | null | 500+ ms (timeout) (dead)
Round 135
5 | U | 0 ms  (dead)
3 | java.lang.RuntimeException: :( | 0 ms  (dead)
4 | null | 500+ ms (timeout) (dead)
1 | U | 0 ms  
2 | null | 500+ ms (timeout) (dead)
Round 136
5 | U | 0 ms  (dead)
3 | java.lang.RuntimeException: :( | 0 ms  (dead)
4 | D | 379 ms  (dead)
1 | U | 0 ms  
2 | null | 500+ ms (timeout) (dead)
Round 137
5 | U | 0 ms  (dead)
3 | java.lang.RuntimeException: :( | 0 ms  (dead)
4 | D | 0 ms  (dead)
1 | U | 0 ms  
2 | null | 500+ ms (timeout) (dead)
Round 138
5 | U | 0 ms  (dead)
3 | java.lang.RuntimeException: :( | 0 ms  (dead)
4 | D | 0 ms  (dead)
1 | R | 0 ms  
2 | null | 500+ ms (timeout) (dead)
Round 139
5 | U | 0 ms  (dead)
3 | java.lang.RuntimeException: :( | 0 ms  (dead)
4 | D | 0 ms  (dead)
1 | R | 0 ms  
2 | null | 500+ ms (timeout) (dead)
