Round 1
3 | java.lang.RuntimeException: :( | 5 ms  
4 | L | 0 ms  
1 | null | 250+ ms (timeout) 
2 | null | 250+ ms (timeout) 
Round 2
3 | java.lang.RuntimeException: :( | 104 ms  (dead)
4 | L | 3 ms  
1 | R | 226 ms  (dead)
2 | null | 250+ ms (timeout) (dead)
Round 3
3 | java.lang.RuntimeException: :( | 45 ms  (dead)
4 | L | 0 ms  
1 | R | 1 ms  (dead)
2 | null | 250+ ms (timeout) (dead)
Round 4
3 | java.lang.RuntimeException: :( | 20 ms  (dead)
4 | L | 0 ms  
1 | R | 0 ms  (dead)
2 | null | 250+ ms (timeout) (dead)
Round 5
3 | java.lang.RuntimeException: :( | 0 ms  (dead)
4 | U | 0 ms  
1 | R | 0 ms  (dead)
2 | null | 250+ ms (timeout) (dead)
Round 6
3 | java.lang.RuntimeException: :( | 7 ms  (dead)
4 | L | 0 ms  
1 | R | 0 ms  (dead)
2 | null | 250+ ms (timeout) (dead)
Round 7
3 | java.lang.RuntimeException: :( | 17 ms  (dead)
4 | L | 0 ms  
1 | R | 1 ms  (dead)
2 | null | 250+ ms (timeout) (dead)
Round 8
3 | java.lang.RuntimeException: :( | 0 ms  (dead)
4 | L | 0 ms  
1 | R | 0 ms  (dead)
2 | null | 250+ ms (timeout) (dead)
Round 9
3 | java.lang.RuntimeException: :( | 0 ms  (dead)
4 | L | 0 ms  
1 | R | 21 ms  (dead)
2 | null | 250+ ms (timeout) (dead)
Round 10
3 | java.lang.RuntimeException: :( | 1 ms  (dead)
4 | L | 0 ms  
1 | R | 0 ms  (dead)
2 | null | 250+ ms (timeout) (dead)
Round 11
3 | java.lang.RuntimeException: :( | 0 ms  (dead)
4 | L | 0 ms  
1 | R | 0 ms  (dead)
2 | null | 250+ ms (timeout) (dead)
Round 12
3 | java.lang.RuntimeException: :( | 20 ms  (dead)
4 | U | 0 ms  
1 | R | 0 ms  (dead)
2 | null | 250+ ms (timeout) (dead)
Round 13
3 | java.lang.RuntimeException: :( | 6 ms  (dead)
4 | R | 0 ms  
1 | R | 0 ms  (dead)
2 | null | 250+ ms (timeout) (dead)
Round 14
3 | java.lang.RuntimeException: :( | 0 ms  (dead)
4 | R | 0 ms  
1 | R | 0 ms  (dead)
2 | null | 250+ ms (timeout) (dead)
Round 15
3 | java.lang.RuntimeException: :( | 0 ms  (dead)
4 | R | 3 ms  
1 | R | 1 ms  (dead)
2 | null | 250+ ms (timeout) (dead)
Round 16
3 | java.lang.RuntimeException: :( | 1 ms  (dead)
4 | R | 0 ms  
1 | R | 0 ms  (dead)
2 | null | 250+ ms (timeout) (dead)
Round 17
3 | java.lang.RuntimeException: :( | 0 ms  (dead)
4 | R | 0 ms  
1 | R | 0 ms  (dead)
2 | null | 250+ ms (timeout) (dead)
Round 18
3 | java.lang.RuntimeException: :( | 0 ms  (dead)
4 | R | 0 ms  
1 | R | 0 ms  (dead)
2 | null | 250+ ms (timeout) (dead)
Round 19
3 | java.lang.RuntimeException: :( | 13 ms  (dead)
4 | R | 0 ms  
1 | R | 0 ms  (dead)
2 | null | 250+ ms (timeout) (dead)
Round 20
3 | java.lang.RuntimeException: :( | 0 ms  (dead)
4 | R | 1 ms  
1 | R | 0 ms  (dead)
2 | null | 250+ ms (timeout) (dead)
Round 21
3 | java.lang.RuntimeException: :( | 0 ms  (dead)
4 | R | 1 ms  
1 | R | 0 ms  (dead)
2 | null | 250+ ms (timeout) (dead)
Round 22
3 | java.lang.RuntimeException: :( | 0 ms  (dead)
4 | R | 0 ms  
1 | R | 0 ms  (dead)
2 | null | 250+ ms (timeout) (dead)
Round 23
3 | java.lang.RuntimeException: :( | 0 ms  (dead)
4 | R | 10 ms  
1 | R | 0 ms  (dead)
2 | null | 250+ ms (timeout) (dead)
Round 24
3 | java.lang.RuntimeException: :( | 41 ms  (dead)
4 | R | 0 ms  
1 | R | 0 ms  (dead)
2 | null | 250+ ms (timeout) (dead)
Round 25
3 | java.lang.RuntimeException: :( | 1 ms  (dead)
4 | R | 0 ms  
1 | R | 0 ms  (dead)
2 | null | 250+ ms (timeout) (dead)
Round 26
3 | java.lang.RuntimeException: :( | 123 ms  (dead)
4 | R | 0 ms  
1 | R | 0 ms  (dead)
2 | null | 250+ ms (timeout) (dead)
Round 27
3 | java.lang.RuntimeException: :( | 0 ms  (dead)
4 | R | 0 ms  
1 | R | 0 ms  (dead)
2 | null | 250+ ms (timeout) (dead)
Round 28
3 | java.lang.RuntimeException: :( | 42 ms  (dead)
4 | R | 0 ms  
1 | R | 0 ms  (dead)
2 | null | 250+ ms (timeout) (dead)
Round 29
3 | java.lang.RuntimeException: :( | 60 ms  (dead)
4 | R | 155 ms  
1 | R | 0 ms  (dead)
2 | null | 250+ ms (timeout) (dead)
Round 30
3 | java.lang.RuntimeException: :( | 0 ms  (dead)
4 | R | 0 ms  
1 | R | 0 ms  (dead)
2 | null | 250+ ms (timeout) (dead)
Round 31
3 | java.lang.RuntimeException: :( | 0 ms  (dead)
4 | R | 0 ms  
1 | R | 0 ms  (dead)
2 | null | 250+ ms (timeout) (dead)
Round 32
3 | java.lang.RuntimeException: :( | 1 ms  (dead)
4 | R | 0 ms  
1 | R | 0 ms  (dead)
2 | null | 250+ ms (timeout) (dead)
Round 33
3 | java.lang.RuntimeException: :( | 0 ms  (dead)
4 | R | 1 ms  
1 | R | 0 ms  (dead)
2 | null | 250+ ms (timeout) (dead)
Round 34
3 | java.lang.RuntimeException: :( | 0 ms  (dead)
4 | R | 0 ms  
1 | R | 1 ms  (dead)
2 | null | 250+ ms (timeout) (dead)
Round 35
3 | java.lang.RuntimeException: :( | 0 ms  (dead)
4 | R | 0 ms  
1 | R | 0 ms  (dead)
2 | null | 250+ ms (timeout) (dead)
Round 36
3 | java.lang.RuntimeException: :( | 0 ms  (dead)
4 | R | 32 ms  
1 | R | 0 ms  (dead)
2 | null | 250+ ms (timeout) (dead)
Round 37
3 | java.lang.RuntimeException: :( | 1 ms  (dead)
4 | U | 0 ms  
1 | R | 0 ms  (dead)
2 | null | 250+ ms (timeout) (dead)
Round 38
3 | java.lang.RuntimeException: :( | 0 ms  (dead)
4 | L | 0 ms  
1 | R | 0 ms  (dead)
2 | null | 250+ ms (timeout) (dead)
Round 39
3 | java.lang.RuntimeException: :( | 0 ms  (dead)
4 | L | 0 ms  
1 | R | 0 ms  (dead)
2 | null | 250+ ms (timeout) (dead)
Round 40
3 | java.lang.RuntimeException: :( | 0 ms  (dead)
4 | L | 0 ms  
1 | R | 0 ms  (dead)
2 | null | 250+ ms (timeout) (dead)
Round 41
3 | java.lang.RuntimeException: :( | 0 ms  (dead)
4 | L | 0 ms  
1 | R | 0 ms  (dead)
2 | null | 250+ ms (timeout) (dead)
Round 42
3 | java.lang.RuntimeException: :( | 24 ms  (dead)
4 | L | 0 ms  
1 | R | 0 ms  (dead)
2 | null | 250+ ms (timeout) (dead)
Round 43
3 | java.lang.RuntimeException: :( | 0 ms  (dead)
4 | L | 1 ms  
1 | R | 0 ms  (dead)
2 | null | 250+ ms (timeout) (dead)
Round 44
3 | java.lang.RuntimeException: :( | 0 ms  (dead)
4 | L | 1 ms  
1 | R | 0 ms  (dead)
2 | null | 250+ ms (timeout) (dead)
Round 45
3 | java.lang.RuntimeException: :( | 0 ms  (dead)
4 | L | 0 ms  
1 | R | 1 ms  (dead)
2 | null | 250+ ms (timeout) (dead)
Round 46
3 | java.lang.RuntimeException: :( | 0 ms  (dead)
4 | L | 1 ms  
1 | R | 0 ms  (dead)
2 | null | 250+ ms (timeout) (dead)
Round 47
3 | java.lang.RuntimeException: :( | 0 ms  (dead)
4 | L | 0 ms  
1 | R | 0 ms  (dead)
2 | null | 250+ ms (timeout) (dead)
Round 48
3 | java.lang.RuntimeException: :( | 0 ms  (dead)
4 | L | 0 ms  
1 | R | 0 ms  (dead)
2 | null | 250+ ms (timeout) (dead)
Round 49
3 | java.lang.RuntimeException: :( | 2 ms  (dead)
4 | L | 0 ms  
1 | R | 0 ms  (dead)
2 | null | 250+ ms (timeout) (dead)
Round 50
3 | java.lang.RuntimeException: :( | 0 ms  (dead)
4 | L | 0 ms  
1 | R | 0 ms  (dead)
2 | null | 250+ ms (timeout) (dead)
Round 51
3 | java.lang.RuntimeException: :( | 0 ms  (dead)
4 | L | 0 ms  
1 | R | 0 ms  (dead)
2 | null | 250+ ms (timeout) (dead)
Round 52
3 | java.lang.RuntimeException: :( | 0 ms  (dead)
4 | L | 0 ms  
1 | R | 0 ms  (dead)
2 | null | 250+ ms (timeout) (dead)
Round 53
3 | java.lang.RuntimeException: :( | 0 ms  (dead)
4 | L | 0 ms  
1 | R | 0 ms  (dead)
2 | null | 250+ ms (timeout) (dead)
Round 54
3 | java.lang.RuntimeException: :( | 0 ms  (dead)
4 | L | 0 ms  
1 | R | 0 ms  (dead)
2 | null | 250+ ms (timeout) (dead)
Round 55
3 | java.lang.RuntimeException: :( | 0 ms  (dead)
4 | L | 0 ms  
1 | R | 0 ms  (dead)
2 | null | 250+ ms (timeout) (dead)
Round 56
3 | java.lang.RuntimeException: :( | 19 ms  (dead)
4 | L | 1 ms  
1 | R | 0 ms  (dead)
2 | null | 250+ ms (timeout) (dead)
Round 57
3 | java.lang.RuntimeException: :( | 0 ms  (dead)
4 | L | 0 ms  
1 | R | 0 ms  (dead)
2 | null | 250+ ms (timeout) (dead)
Round 58
3 | java.lang.RuntimeException: :( | 0 ms  (dead)
4 | L | 0 ms  
1 | R | 0 ms  (dead)
2 | null | 250+ ms (timeout) (dead)
Round 59
3 | java.lang.RuntimeException: :( | 0 ms  (dead)
4 | L | 0 ms  
1 | R | 0 ms  (dead)
2 | null | 250+ ms (timeout) (dead)
Round 60
3 | java.lang.RuntimeException: :( | 0 ms  (dead)
4 | L | 0 ms  
1 | R | 0 ms  (dead)
2 | null | 250+ ms (timeout) (dead)
Round 61
3 | java.lang.RuntimeException: :( | 0 ms  (dead)
4 | L | 0 ms  
1 | R | 0 ms  (dead)
2 | null | 250+ ms (timeout) (dead)
Round 62
3 | java.lang.RuntimeException: :( | 0 ms  (dead)
4 | U | 0 ms  
1 | R | 0 ms  (dead)
2 | null | 250+ ms (timeout) (dead)
Round 63
3 | java.lang.RuntimeException: :( | 12 ms  (dead)
4 | R | 0 ms  
1 | R | 0 ms  (dead)
2 | null | 250+ ms (timeout) (dead)
Round 64
3 | java.lang.RuntimeException: :( | 0 ms  (dead)
4 | R | 0 ms  
1 | R | 12 ms  (dead)
2 | null | 250+ ms (timeout) (dead)
Round 65
3 | java.lang.RuntimeException: :( | 0 ms  (dead)
4 | R | 0 ms  
1 | R | 0 ms  (dead)
2 | null | 250+ ms (timeout) (dead)
Round 66
3 | java.lang.RuntimeException: :( | 0 ms  (dead)
4 | R | 0 ms  
1 | R | 0 ms  (dead)
2 | null | 250+ ms (timeout) (dead)
Round 67
3 | java.lang.RuntimeException: :( | 0 ms  (dead)
4 | R | 0 ms  
1 | R | 0 ms  (dead)
2 | null | 250+ ms (timeout) (dead)
Round 68
3 | java.lang.RuntimeException: :( | 0 ms  (dead)
4 | R | 0 ms  
1 | R | 0 ms  (dead)
2 | null | 250+ ms (timeout) (dead)
Round 69
3 | java.lang.RuntimeException: :( | 0 ms  (dead)
4 | R | 0 ms  
1 | R | 0 ms  (dead)
2 | null | 250+ ms (timeout) (dead)
Round 70
3 | java.lang.RuntimeException: :( | 0 ms  (dead)
4 | R | 0 ms  
1 | R | 0 ms  (dead)
2 | null | 250+ ms (timeout) (dead)
Round 71
3 | java.lang.RuntimeException: :( | 0 ms  (dead)
4 | R | 0 ms  
1 | R | 1 ms  (dead)
2 | null | 250+ ms (timeout) (dead)
Round 72
3 | java.lang.RuntimeException: :( | 0 ms  (dead)
4 | R | 0 ms  
1 | R | 0 ms  (dead)
2 | null | 250+ ms (timeout) (dead)
Round 73
3 | java.lang.RuntimeException: :( | 0 ms  (dead)
4 | R | 0 ms  
1 | R | 0 ms  (dead)
2 | null | 250+ ms (timeout) (dead)
Round 74
3 | java.lang.RuntimeException: :( | 0 ms  (dead)
4 | R | 0 ms  
1 | R | 0 ms  (dead)
2 | null | 250+ ms (timeout) (dead)
Round 75
3 | java.lang.RuntimeException: :( | 0 ms  (dead)
4 | R | 0 ms  
1 | R | 0 ms  (dead)
2 | null | 250+ ms (timeout) (dead)
Round 76
3 | null | 250+ ms (timeout) (dead)
4 | R | 0 ms  
1 | R | 0 ms  (dead)
2 | null | 250+ ms (timeout) (dead)
Round 77
3 | java.lang.RuntimeException: :( | 0 ms  (dead)
4 | R | 1 ms  
1 | R | 1 ms  (dead)
2 | null | 250+ ms (timeout) (dead)
Round 78
3 | java.lang.RuntimeException: :( | 63 ms  (dead)
4 | R | 0 ms  
1 | R | 0 ms  (dead)
2 | null | 250+ ms (timeout) (dead)
Round 79
3 | java.lang.RuntimeException: :( | 0 ms  (dead)
4 | R | 0 ms  
1 | R | 0 ms  (dead)
2 | null | 250+ ms (timeout) (dead)
Round 80
3 | java.lang.RuntimeException: :( | 0 ms  (dead)
4 | R | 0 ms  
1 | R | 0 ms  (dead)
2 | null | 250+ ms (timeout) (dead)
Round 81
3 | java.lang.RuntimeException: :( | 10 ms  (dead)
4 | R | 0 ms  
1 | R | 0 ms  (dead)
2 | null | 250+ ms (timeout) (dead)
Round 82
3 | java.lang.RuntimeException: :( | 13 ms  (dead)
4 | R | 1 ms  
1 | R | 0 ms  (dead)
2 | null | 250+ ms (timeout) (dead)
Round 83
3 | java.lang.RuntimeException: :( | 11 ms  (dead)
4 | R | 22 ms  
1 | R | 0 ms  (dead)
2 | null | 250+ ms (timeout) (dead)
Round 84
3 | java.lang.RuntimeException: :( | 0 ms  (dead)
4 | R | 0 ms  
1 | R | 0 ms  (dead)
2 | null | 250+ ms (timeout) (dead)
Round 85
3 | java.lang.RuntimeException: :( | 3 ms  (dead)
4 | R | 0 ms  
1 | R | 0 ms  (dead)
2 | null | 250+ ms (timeout) (dead)
Round 86
3 | java.lang.RuntimeException: :( | 0 ms  (dead)
4 | R | 1 ms  
1 | R | 0 ms  (dead)
2 | null | 250+ ms (timeout) (dead)
Round 87
3 | java.lang.RuntimeException: :( | 1 ms  (dead)
4 | U | 0 ms  
1 | R | 0 ms  (dead)
2 | null | 250+ ms (timeout) (dead)
Round 88
3 | java.lang.RuntimeException: :( | 1 ms  (dead)
4 | L | 0 ms  
1 | R | 0 ms  (dead)
2 | null | 250+ ms (timeout) (dead)
Round 89
3 | java.lang.RuntimeException: :( | 0 ms  (dead)
4 | L | 0 ms  
1 | R | 0 ms  (dead)
2 | null | 250+ ms (timeout) (dead)
Round 90
3 | java.lang.RuntimeException: :( | 0 ms  (dead)
4 | L | 0 ms  
1 | R | 0 ms  (dead)
2 | null | 250+ ms (timeout) (dead)
Round 91
3 | java.lang.RuntimeException: :( | 0 ms  (dead)
4 | L | 0 ms  
1 | R | 0 ms  (dead)
2 | null | 250+ ms (timeout) (dead)
Round 92
3 | java.lang.RuntimeException: :( | 0 ms  (dead)
4 | L | 0 ms  
1 | R | 0 ms  (dead)
2 | null | 250+ ms (timeout) (dead)
Round 93
3 | java.lang.RuntimeException: :( | 0 ms  (dead)
4 | L | 0 ms  
1 | R | 0 ms  (dead)
2 | null | 250+ ms (timeout) (dead)
Round 94
3 | java.lang.RuntimeException: :( | 0 ms  (dead)
4 | L | 0 ms  
1 | R | 0 ms  (dead)
2 | null | 250+ ms (timeout) (dead)
Round 95
3 | java.lang.RuntimeException: :( | 0 ms  (dead)
4 | L | 0 ms  
1 | R | 1 ms  (dead)
2 | null | 250+ ms (timeout) (dead)
Round 96
3 | java.lang.RuntimeException: :( | 15 ms  (dead)
4 | L | 0 ms  
1 | R | 0 ms  (dead)
2 | null | 250+ ms (timeout) (dead)
Round 97
3 | java.lang.RuntimeException: :( | 0 ms  (dead)
4 | L | 0 ms  
1 | R | 0 ms  (dead)
2 | null | 250+ ms (timeout) (dead)
Round 98
3 | java.lang.RuntimeException: :( | 0 ms  (dead)
4 | L | 0 ms  
1 | R | 0 ms  (dead)
2 | null | 250+ ms (timeout) (dead)
Round 99
3 | java.lang.RuntimeException: :( | 0 ms  (dead)
4 | L | 0 ms  
1 | R | 0 ms  (dead)
2 | null | 250+ ms (timeout) (dead)
Round 100
3 | java.lang.RuntimeException: :( | 0 ms  (dead)
4 | L | 0 ms  
1 | R | 0 ms  (dead)
2 | null | 250+ ms (timeout) (dead)
Round 101
3 | java.lang.RuntimeException: :( | 0 ms  (dead)
4 | L | 1 ms  
1 | R | 0 ms  (dead)
2 | null | 250+ ms (timeout) (dead)
Round 102
3 | java.lang.RuntimeException: :( | 0 ms  (dead)
4 | L | 0 ms  
1 | R | 0 ms  (dead)
2 | null | 250+ ms (timeout) (dead)
Round 103
3 | java.lang.RuntimeException: :( | 22 ms  (dead)
4 | L | 0 ms  
1 | R | 0 ms  (dead)
2 | null | 250+ ms (timeout) (dead)
Round 104
3 | java.lang.RuntimeException: :( | 16 ms  (dead)
4 | L | 0 ms  
1 | R | 0 ms  (dead)
2 | null | 250+ ms (timeout) (dead)
Round 105
3 | java.lang.RuntimeException: :( | 7 ms  (dead)
4 | L | 0 ms  
1 | R | 2 ms  (dead)
2 | null | 250+ ms (timeout) (dead)
Round 106
3 | java.lang.RuntimeException: :( | 17 ms  (dead)
4 | L | 0 ms  
1 | R | 0 ms  (dead)
2 | null | 250+ ms (timeout) (dead)
Round 107
3 | java.lang.RuntimeException: :( | 4 ms  (dead)
4 | L | 0 ms  
1 | R | 0 ms  (dead)
2 | null | 250+ ms (timeout) (dead)
Round 108
3 | java.lang.RuntimeException: :( | 0 ms  (dead)
4 | L | 0 ms  
1 | R | 0 ms  (dead)
2 | null | 250+ ms (timeout) (dead)
Round 109
3 | java.lang.RuntimeException: :( | 0 ms  (dead)
4 | L | 0 ms  
1 | R | 0 ms  (dead)
2 | null | 250+ ms (timeout) (dead)
Round 110
3 | java.lang.RuntimeException: :( | 0 ms  (dead)
4 | L | 0 ms  
1 | R | 0 ms  (dead)
2 | null | 250+ ms (timeout) (dead)
Round 111
3 | java.lang.RuntimeException: :( | 0 ms  (dead)
4 | L | 0 ms  
1 | R | 1 ms  (dead)
2 | null | 250+ ms (timeout) (dead)
Round 112
3 | java.lang.RuntimeException: :( | 0 ms  (dead)
4 | D | 0 ms  
1 | R | 0 ms  (dead)
2 | null | 250+ ms (timeout) (dead)
