listening on port 9601
px: 1
py: 7
mx: 1
my: 7
px: 0
py: 7
mx: 0
my: 7
px: 1
py: 7
mx: 1
my: 7
px: -1
py: 7
mx: 9
my: 7
px: 0
py: 7
mx: 0
my: 7
px: -2
py: 7
mx: 8
my: 7
px: -1
py: 7
mx: 9
my: 7
px: 7
py: 7
mx: 7
my: 7
px: 8
py: 7
mx: 8
my: 7
px: 6
py: 7
mx: 6
my: 7
px: 7
py: 7
mx: 7
my: 7
px: 8
py: 6
mx: 8
my: 6
px: 10
py: 6
mx: 0
my: 6
px: 9
py: 6
mx: 9
my: 6
px: 11
py: 6
mx: 0
my: 6
px: 10
py: 6
mx: 0
my: 6
px: 2
py: 6
mx: 2
my: 6
px: 1
py: 6
mx: 1
my: 6
px: 3
py: 6
mx: 3
my: 6
px: 1
py: 5
mx: 1
my: 5
px: -1
py: 5
mx: 9
my: 5
px: 0
py: 5
mx: 0
my: 5
px: -2
py: 5
mx: 8
my: 5
px: -1
py: 5
mx: 9
my: 5
px: 7
py: 5
mx: 7
my: 5
px: 8
py: 5
mx: 8
my: 5
px: 6
py: 5
mx: 6
my: 5
px: 7
py: 5
mx: 7
my: 5
px: 8
py: 4
mx: 8
my: 4
px: 10
py: 4
mx: 0
my: 4
px: 9
py: 4
mx: 9
my: 4
px: 11
py: 4
mx: 0
my: 4
px: 10
py: 4
mx: 0
my: 4
px: 2
py: 4
mx: 2
my: 4
px: 1
py: 4
mx: 1
my: 4
px: 3
py: 4
mx: 3
my: 4
px: 2
py: 4
mx: 2
my: 4
px: 4
py: 4
mx: 4
my: 4
px: 3
py: 4
mx: 3
my: 4
px: 2
py: 3
mx: 2
my: 3
px: 0
py: 3
mx: 0
my: 3
px: 1
py: 3
mx: 1
my: 3
px: -1
py: 3
mx: 9
my: 3
px: 0
py: 3
mx: 0
my: 3
px: -2
py: 3
mx: 8
my: 3
px: -1
py: 3
mx: 9
my: 3
px: 0
py: 7
mx: 0
my: 7
px: 1
py: 7
mx: 1
my: 7
px: -1
py: 7
mx: 9
my: 7
px: 0
py: 7
mx: 0
my: 7
px: -2
py: 7
mx: 8
my: 7
px: -1
py: 7
mx: 9
my: 7
px: 7
py: 7
mx: 7
my: 7
px: 8
py: 7
mx: 8
my: 7
px: 6
py: 7
mx: 6
my: 7
px: 7
py: 7
mx: 7
my: 7
px: 8
py: 6
mx: 8
my: 6
px: 10
py: 6
mx: 0
my: 6
px: 9
py: 6
mx: 9
my: 6
px: 11
py: 6
mx: 0
my: 6
px: 10
py: 6
mx: 0
my: 6
px: 2
py: 6
mx: 2
my: 6
px: 1
py: 6
mx: 1
my: 6
px: 3
py: 6
mx: 3
my: 6
px: 2
py: 6
mx: 2
my: 6
px: 4
py: 6
mx: 4
my: 6
px: 3
py: 6
mx: 3
my: 6
px: 2
py: 5
mx: 2
my: 5
px: 0
py: 5
mx: 0
my: 5
px: 1
py: 5
mx: 1
my: 5
px: -1
py: 5
mx: 9
my: 5
px: 0
py: 5
mx: 0
my: 5
px: -2
py: 5
mx: 8
my: 5
px: -1
py: 5
mx: 9
my: 5
px: 7
py: 5
mx: 7
my: 5
px: 8
py: 5
mx: 8
my: 5
px: 6
py: 5
mx: 6
my: 5
px: 7
py: 5
mx: 7
my: 5
px: 5
py: 5
mx: 5
my: 5
px: 6
py: 5
mx: 6
my: 5
px: 4
py: 5
mx: 4
my: 5
px: 5
py: 5
mx: 5
my: 5
px: 3
py: 5
mx: 3
my: 5
px: 4
py: 5
mx: 4
my: 5
px: 2
py: 5
mx: 2
my: 5
px: 3
py: 5
mx: 3
my: 5
px: 4
py: 4
mx: 4
my: 4
px: 4
py: 6
mx: 4
my: 6
px: 6
py: 6
mx: 6
my: 6
px: 5
py: 6
mx: 5
my: 6
px: 7
py: 6
mx: 7
my: 6
px: 6
py: 6
mx: 6
my: 6
px: 8
py: 6
mx: 8
my: 6
px: 7
py: 6
mx: 7
my: 6
px: 9
py: 6
mx: 9
my: 6
px: 8
py: 6
mx: 8
my: 6
px: 7
py: 5
mx: 7
my: 5
px: 7
py: 7
mx: 7
my: 7
px: 10
py: 6
mx: 0
my: 6
px: 9
py: 6
mx: 9
my: 6
px: 8
py: 5
mx: 8
my: 5
px: 8
py: 7
mx: 8
my: 7
px: 10
py: 6
mx: 0
my: 6
px: 9
py: 6
mx: 9
my: 6
px: 8
py: 5
mx: 8
my: 5
px: 8
py: 7
mx: 8
my: 7
px: 9
py: 2
mx: 9
my: 2
px: 8
py: 2
mx: 8
my: 2
px: 10
py: 2
mx: 0
my: 2
px: 9
py: 2
mx: 9
my: 2
px: 11
py: 2
mx: 0
my: 2
px: 10
py: 2
mx: 0
my: 2
px: 2
py: 2
mx: 2
my: 2
px: 1
py: 2
mx: 1
my: 2
px: 3
py: 2
mx: 3
my: 2
px: 2
py: 2
mx: 2
my: 2
px: 1
py: 1
mx: 1
my: 1
px: -1
py: 1
mx: 9
my: 1
px: 0
py: 1
mx: 0
my: 1
px: -2
py: 1
mx: 8
my: 1
px: -1
py: 1
mx: 9
my: 1
px: 7
py: 1
mx: 7
my: 1
px: 8
py: 1
mx: 8
my: 1
px: 6
py: 1
mx: 6
my: 1
px: 7
py: 1
mx: 7
my: 1
px: 5
py: 1
mx: 5
my: 1
px: 6
py: 1
mx: 6
my: 1
px: 4
py: 1
mx: 4
my: 1
px: 5
py: 1
mx: 5
my: 1
px: 3
py: 1
mx: 3
my: 1
px: 4
py: 1
mx: 4
my: 1
px: 2
py: 1
mx: 2
my: 1
px: 3
py: 1
mx: 3
my: 1
px: 4
py: 0
mx: 4
my: 0
px: 6
py: 0
mx: 6
my: 0
px: 5
py: 0
mx: 5
my: 0
px: 7
py: 0
mx: 7
my: 0
px: 6
py: 0
mx: 6
my: 0
px: 8
py: 0
mx: 8
my: 0
px: 7
py: 0
mx: 7
my: 0
px: 9
py: 0
mx: 9
my: 0
px: 8
py: 0
mx: 8
my: 0
px: 10
py: 0
mx: 0
my: 0
px: 9
py: 0
mx: 9
my: 0
px: 11
py: 0
mx: 0
my: 0
px: 10
py: 0
mx: 0
my: 0
px: 9
py: -1
mx: 9
my: 9
px: 7
py: 9
mx: 7
my: 9
px: 8
py: 9
mx: 8
my: 9
px: 6
py: 9
mx: 6
my: 9
px: 7
py: 9
mx: 7
my: 9
px: 5
py: 9
mx: 5
my: 9
px: 6
py: 9
mx: 6
my: 9
px: 4
py: 9
mx: 4
my: 9
px: 5
py: 9
mx: 5
my: 9
px: 3
py: 9
mx: 3
my: 9
px: 4
py: 9
mx: 4
my: 9
px: 5
py: 8
mx: 5
my: 8
px: 7
py: 8
mx: 7
my: 8
px: 6
py: 8
mx: 6
my: 8
px: 8
py: 8
mx: 8
my: 8
px: 7
py: 8
mx: 7
my: 8
px: 9
py: 8
mx: 9
my: 8
px: 8
py: 8
mx: 8
my: 8
px: 10
py: 8
mx: 0
my: 8
px: 9
py: 8
mx: 9
my: 8
px: 11
py: 8
mx: 0
my: 8
px: 10
py: 8
mx: 0
my: 8
px: 9
py: 7
mx: 9
my: 7
px: 9
py: 9
mx: 9
my: 9
px: 2
py: 8
mx: 2
my: 8
px: 1
py: 8
mx: 1
my: 8
px: 0
py: 7
mx: 0
my: 7
px: 0
py: 9
mx: 0
my: 9
px: 2
py: 8
mx: 2
my: 8
px: 1
py: 8
mx: 1
my: 8
px: 0
py: 7
mx: 0
my: 7
px: 0
py: 9
mx: 0
my: 9
px: 2
py: 8
mx: 2
my: 8
px: 1
py: 8
mx: 1
my: 8
px: 0
py: 7
mx: 0
my: 7
px: 0
py: 9
mx: 0
my: 9
px: 2
py: 8
mx: 2
my: 8
px: 1
py: 8
mx: 1
my: 8
px: 0
py: 7
mx: 0
my: 7
px: 0
py: 9
mx: 0
my: 9
px: 2
py: 8
mx: 2
my: 8
px: 1
py: 8
mx: 1
my: 8
px: 0
py: 7
mx: 0
my: 7
px: 0
py: 9
mx: 0
my: 9
px: 2
py: 8
mx: 2
my: 8
px: 1
py: 8
mx: 1
my: 8
px: 0
py: 7
mx: 0
my: 7
px: 0
py: 9
mx: 0
my: 9
px: 2
py: 8
mx: 2
my: 8
px: 1
py: 8
mx: 1
my: 8
px: 0
py: 7
mx: 0
my: 7
px: 0
py: 9
mx: 0
my: 9
px: 2
py: 8
mx: 2
my: 8
px: 1
py: 8
mx: 1
my: 8
px: 0
py: 7
mx: 0
my: 7
px: 0
py: 9
mx: 0
my: 9
px: 2
py: 8
mx: 2
my: 8
px: 1
py: 8
mx: 1
my: 8
px: 0
py: 7
mx: 0
my: 7
px: 0
py: 9
mx: 0
my: 9
px: 2
py: 8
mx: 2
my: 8
px: 1
py: 8
mx: 1
my: 8
px: 0
py: 7
mx: 0
my: 7
px: 0
py: 9
mx: 0
my: 9
px: 2
py: 8
mx: 2
my: 8
px: 1
py: 8
mx: 1
my: 8
px: 0
py: 7
mx: 0
my: 7
px: 0
py: 9
mx: 0
my: 9
px: 2
py: 8
mx: 2
my: 8
px: 1
py: 8
mx: 1
my: 8
px: 0
py: 7
mx: 0
my: 7
px: 0
py: 9
mx: 0
my: 9
