[WARNING] 
java.lang.Exception: The specified mainClass doesn't contain a main method with appropriate signature.
    at org.codehaus.mojo.exec.ExecJavaMojo$1.run (ExecJavaMojo.java:258)
    at java.lang.Thread.run (Thread.java:829)
Caused by: java.lang.IllegalAccessException: no such method: tddt.aiserver.AiServer.main(String[])void/invokeStatic
    at java.lang.invoke.MemberName.makeAccessException (MemberName.java:959)
    at java.lang.invoke.MemberName$Factory.resolveOrFail (MemberName.java:1101)
    at java.lang.invoke.MethodHandles$Lookup.resolveOrFail (MethodHandles.java:2030)
    at java.lang.invoke.MethodHandles$Lookup.findStatic (MethodHandles.java:1102)
    at org.codehaus.mojo.exec.ExecJavaMojo$1.run (ExecJavaMojo.java:251)
    at java.lang.Thread.run (Thread.java:829)
Caused by: java.lang.NoClassDefFoundError: tddt/aiserver/ai/Ai
    at java.lang.invoke.MethodHandleNatives.resolve (Native Method)
    at java.lang.invoke.MemberName$Factory.resolve (MemberName.java:1070)
    at java.lang.invoke.MemberName$Factory.resolveOrFail (MemberName.java:1098)
    at java.lang.invoke.MethodHandles$Lookup.resolveOrFail (MethodHandles.java:2030)
    at java.lang.invoke.MethodHandles$Lookup.findStatic (MethodHandles.java:1102)
    at org.codehaus.mojo.exec.ExecJavaMojo$1.run (ExecJavaMojo.java:251)
    at java.lang.Thread.run (Thread.java:829)
Caused by: java.lang.ClassNotFoundException: tddt.aiserver.ai.Ai
    at java.net.URLClassLoader.findClass (URLClassLoader.java:471)
    at java.lang.ClassLoader.loadClass (ClassLoader.java:589)
    at java.lang.ClassLoader.loadClass (ClassLoader.java:522)
    at java.lang.invoke.MethodHandleNatives.resolve (Native Method)
    at java.lang.invoke.MemberName$Factory.resolve (MemberName.java:1070)
    at java.lang.invoke.MemberName$Factory.resolveOrFail (MemberName.java:1098)
    at java.lang.invoke.MethodHandles$Lookup.resolveOrFail (MethodHandles.java:2030)
    at java.lang.invoke.MethodHandles$Lookup.findStatic (MethodHandles.java:1102)
    at org.codehaus.mojo.exec.ExecJavaMojo$1.run (ExecJavaMojo.java:251)
    at java.lang.Thread.run (Thread.java:829)
[ERROR] Failed to execute goal org.codehaus.mojo:exec-maven-plugin:3.0.0:java (default-cli) on project suitebot-kit-full: An exception occured while executing the Java class. The specified mainClass doesn't contain a main method with appropriate signature.: no such method: tddt.aiserver.AiServer.main(String[])void/invokeStatic: tddt/aiserver/ai/Ai: tddt.aiserver.ai.Ai -> [Help 1]
[ERROR] 
[ERROR] To see the full stack trace of the errors, re-run Maven with the -e switch.
[ERROR] Re-run Maven using the -X switch to enable full debug logging.
[ERROR] 
[ERROR] For more information about the errors and possible solutions, please read the following articles:
[ERROR] [Help 1] http://cwiki.apache.org/confluence/display/MAVEN/MojoExecutionException
