listening on port 9602
lastDir R
turn false
[R, L, U, D]
lastDir R
turn false
[R, L, U, D]
lastDir R
turn false
[R, L, U, D]
lastDir U
turn true
[L, D, R, U]
lastDir L
turn true
[D, R, U, L]
lastDir U
turn true
[D, R, L, U]
lastDir R
turn true
[D, L, U, R]
lastDir U
turn true
[D, L, R, U]
lastDir R
turn true
[D, L, U, R]
lastDir D
turn true
[L, U, R, D]
lastDir R
turn true
[L, U, D, R]
lastDir U
turn true
[L, D, R, U]
lastDir R
turn true
[L, D, U, R]
lastDir D
turn true
[L, U, R, D]
lastDir R
turn true
[L, U, D, R]
lastDir U
turn true
[L, D, R, U]
lastDir U
turn false
[U, L, D, R]
lastDir U
turn false
[U, L, D, R]
lastDir D
turn true
[L, R, U, D]
lastDir L
turn true
[R, U, D, L]
lastDir L
turn false
[L, R, U, D]
lastDir L
turn false
[L, R, U, D]
lastDir L
turn false
[L, R, U, D]
lastDir L
turn false
[L, R, U, D]
lastDir L
turn false
[L, R, U, D]
lastDir U
turn true
[R, D, L, U]
lastDir R
turn true
[D, L, U, R]
lastDir U
turn true
[D, L, R, U]
lastDir L
turn true
[D, R, U, L]
lastDir U
turn true
[D, R, L, U]
lastDir R
turn true
[D, L, U, R]
lastDir U
turn true
[D, L, R, U]
lastDir L
turn true
[D, R, U, L]
lastDir U
turn true
[D, R, L, U]
lastDir L
turn true
[D, R, U, L]
lastDir D
turn true
[R, U, L, D]
lastDir L
turn true
[R, U, D, L]
lastDir U
turn true
[R, D, L, U]
lastDir U
turn false
[U, R, D, L]
lastDir R
turn true
[D, L, U, R]
lastDir R
turn false
[R, D, L, U]
lastDir D
turn true
[L, U, R, D]
lastDir D
turn false
[D, L, U, R]
lastDir D
turn false
[D, L, U, R]
lastDir D
turn false
[D, L, U, R]
lastDir D
turn false
[D, L, U, R]
lastDir D
turn false
[D, L, U, R]
lastDir D
turn false
[D, L, U, R]
lastDir D
turn false
[D, L, U, R]
lastDir D
turn false
[D, L, U, R]
lastDir D
turn false
[D, L, U, R]
lastDir D
turn false
[D, L, U, R]
lastDir D
turn false
[D, L, U, R]
lastDir D
turn false
[D, L, U, R]
lastDir D
turn false
[D, L, U, R]
lastDir D
turn false
[D, L, U, R]
lastDir D
turn false
[D, L, U, R]
lastDir D
turn false
[D, L, U, R]
lastDir D
turn false
[D, L, U, R]
lastDir D
turn false
[D, L, U, R]
lastDir D
turn false
[D, L, U, R]
lastDir L
turn true
[U, R, D, L]
lastDir U
turn true
[R, D, L, U]
lastDir L
turn true
[R, D, U, L]
lastDir D
turn true
[R, U, L, D]
lastDir L
turn true
[R, U, D, L]
lastDir U
turn true
[R, D, L, U]
lastDir L
turn true
[R, D, U, L]
lastDir D
turn true
[R, U, L, D]
lastDir L
turn true
[R, U, D, L]
lastDir L
turn false
[L, R, U, D]
lastDir D
turn true
[R, U, L, D]
lastDir D
turn false
[D, R, U, L]
lastDir D
turn false
[D, R, U, L]
lastDir D
turn false
[D, R, U, L]
lastDir D
turn false
[D, R, U, L]
lastDir D
turn false
[D, R, U, L]
lastDir D
turn false
[D, R, U, L]
lastDir D
turn false
[D, R, U, L]
lastDir D
turn false
[D, R, U, L]
lastDir D
turn false
[D, R, U, L]
lastDir D
turn false
[D, R, U, L]
lastDir D
turn false
[D, R, U, L]
lastDir D
turn false
[D, R, U, L]
lastDir D
turn false
[D, R, U, L]
