Round 1
4 | R | 516 ms  
3 | U | 476 ms  
2 | R | 690 ms  
1 | L | 422 ms  
Round 2
4 | D | 19 ms  
3 | R | 0 ms  
2 | R | 0 ms  
1 | L | 0 ms  
Round 3
4 | R | 10 ms  
3 | R | 7 ms  
2 | U | 34 ms  
1 | U | 103 ms  
Round 4
4 | R | 12 ms  
3 | R | 0 ms  
2 | L | 40 ms  
1 | R | 69 ms  
Round 5
4 | R | 0 ms  
3 | U | 35 ms  
2 | L | 36 ms  
1 | R | 6 ms  
Round 6
4 | R | 4 ms  
3 | U | 6 ms  
2 | L | 1 ms  
1 | R | 35 ms  
Round 7
4 | D | 0 ms  
3 | L | 24 ms  
2 | L | 4 ms  
1 | R | 5 ms  
Round 8
4 | L | 4 ms  
3 | L | 41 ms  
2 | D | 0 ms  
1 | U | 28 ms  
Round 9
4 | L | 15 ms  
3 | L | 0 ms  
2 | L | 0 ms  
1 | L | 0 ms  
Round 10
4 | L | 0 ms  
3 | L | 0 ms  
2 | D | 4 ms  
1 | U | 17 ms  
Round 11
4 | L | 7 ms  
3 | D | 0 ms  
2 | R | 0 ms  
1 | R | 0 ms  
Round 12
4 | L | 0 ms  
3 | L | 4 ms  
2 | R | 43 ms  
1 | R | 0 ms  
Round 13
4 | L | 0 ms  
3 | L | 0 ms  
2 | R | 9 ms  
1 | U | 0 ms  
Round 14
4 | U | 7 ms  
3 | U | 0 ms  
2 | R | 0 ms  
1 | L | 0 ms  
Round 15
4 | U | 0 ms  
3 | R | 0 ms  
2 | R | 0 ms  
1 | L | 0 ms  
Round 16
4 | U | 19 ms  
3 | U | 0 ms  
2 | R | 7 ms  
1 | U | 4 ms  
Round 17
4 | R | 0 ms  
3 | R | 0 ms  (dead)
2 | R | 0 ms  (dead)
1 | R | 24 ms  
Round 18
4 | R | 0 ms  
3 | R | 0 ms  (dead)
2 | R | 0 ms  (dead)
1 | R | 10 ms  
Round 19
4 | R | 0 ms  
3 | R | 16 ms  (dead)
2 | R | 0 ms  (dead)
1 | R | 0 ms  
Round 20
4 | R | 0 ms  
3 | R | 19 ms  (dead)
2 | R | 0 ms  (dead)
1 | R | 0 ms  (dead)
Round 21
4 | R | 0 ms  
3 | R | 5 ms  (dead)
2 | R | 0 ms  (dead)
1 | R | 2 ms  (dead)
Round 22
4 | D | 0 ms  
3 | R | 0 ms  (dead)
2 | R | 0 ms  (dead)
1 | R | 7 ms  (dead)
Round 23
4 | L | 0 ms  
3 | R | 40 ms  (dead)
2 | R | 0 ms  (dead)
1 | R | 0 ms  (dead)
Round 24
4 | L | 0 ms  
3 | R | 0 ms  (dead)
2 | R | 0 ms  (dead)
1 | R | 0 ms  (dead)
Round 25
4 | R | 0 ms  
3 | R | 0 ms  (dead)
2 | R | 0 ms  (dead)
1 | R | 0 ms  (dead)
