Round 1
3 | U | 0 ms  
2 | D | 0 ms  
4 | L | 0 ms  
1 | L | 0 ms  
Round 2
3 | U | 0 ms  
2 | D | 0 ms  
4 | U | 0 ms  
1 | L | 0 ms  
Round 3
3 | U | 0 ms  
2 | D | 0 ms  
4 | L | 0 ms  
1 | L | 0 ms  
Round 4
3 | R | 0 ms  
2 | D | 0 ms  
4 | U | 0 ms  
1 | L | 1 ms  
Round 5
3 | R | 0 ms  
2 | R | 0 ms  
4 | R | 0 ms  
1 | U | 0 ms  
Round 6
3 | R | 0 ms  
2 | D | 0 ms  
4 | R | 0 ms  
1 | R | 0 ms  
Round 7
3 | R | 0 ms  
2 | R | 0 ms  
4 | R | 0 ms  
1 | R | 0 ms  
Round 8
3 | R | 0 ms  
2 | R | 0 ms  
4 | R | 1 ms  
1 | R | 0 ms  
Round 9
3 | R | 1 ms  
2 | D | 0 ms  
4 | R | 0 ms  
1 | U | 0 ms  
Round 10
3 | R | 2 ms  
2 | R | 0 ms  
4 | R | 0 ms  
1 | U | 0 ms  
Round 11
3 | D | 0 ms  
2 | D | 0 ms  
4 | R | 0 ms  (dead)
1 | U | 0 ms  
Round 12
3 | D | 1 ms  
2 | D | 0 ms  
4 | R | 0 ms  (dead)
1 | L | 0 ms  
Round 13
3 | D | 0 ms  
2 | D | 0 ms  
4 | R | 0 ms  (dead)
1 | L | 0 ms  
Round 14
3 | D | 0 ms  
2 | D | 0 ms  
4 | R | 0 ms  (dead)
1 | L | 0 ms  
Round 15
3 | D | 0 ms  
2 | D | 4 ms  
4 | R | 0 ms  (dead)
1 | L | 0 ms  
Round 16
3 | D | 0 ms  
2 | D | 0 ms  
4 | R | 0 ms  (dead)
1 | D | 0 ms  
Round 17
3 | L | 0 ms  
2 | L | 1 ms  
4 | R | 0 ms  (dead)
1 | R | 0 ms  
Round 18
3 | U | 0 ms  
2 | U | 0 ms  
4 | R | 0 ms  (dead)
1 | R | 0 ms  
Round 19
3 | U | 7 ms  
2 | U | 0 ms  
4 | R | 0 ms  (dead)
1 | R | 0 ms  
Round 20
3 | U | 6 ms  
2 | U | 5 ms  
4 | R | 1 ms  (dead)
1 | R | 4 ms  
Round 21
3 | U | 0 ms  
2 | U | 0 ms  
4 | R | 0 ms  (dead)
1 | R | 0 ms  (dead)
Round 22
3 | L | 0 ms  
2 | U | 0 ms  
4 | R | 5 ms  (dead)
1 | R | 0 ms  (dead)
Round 23
3 | L | 0 ms  
2 | D | 3 ms  
4 | R | 0 ms  (dead)
1 | R | 0 ms  (dead)
Round 24
3 | L | 0 ms  
2 | D | 0 ms  (dead)
4 | R | 1 ms  (dead)
1 | R | 0 ms  (dead)
Round 25
3 | L | 0 ms  
2 | D | 0 ms  (dead)
4 | R | 0 ms  (dead)
1 | R | 0 ms  (dead)
Round 26
3 | L | 0 ms  
2 | D | 0 ms  (dead)
4 | R | 0 ms  (dead)
1 | R | 1 ms  (dead)
Round 27
3 | U | 0 ms  
2 | D | 0 ms  (dead)
4 | R | 0 ms  (dead)
1 | R | 0 ms  (dead)
Round 28
3 | R | 7 ms  
2 | D | 0 ms  (dead)
4 | R | 1 ms  (dead)
1 | R | 0 ms  (dead)
Round 29
3 | R | 0 ms  
2 | D | 0 ms  (dead)
4 | R | 0 ms  (dead)
1 | R | 0 ms  (dead)
Round 30
3 | R | 0 ms  
2 | D | 0 ms  (dead)
4 | R | 0 ms  (dead)
1 | R | 1 ms  (dead)
Round 31
3 | R | 0 ms  
2 | D | 0 ms  (dead)
4 | R | 0 ms  (dead)
1 | R | 1 ms  (dead)
Round 32
3 | R | 0 ms  
2 | D | 0 ms  (dead)
4 | R | 0 ms  (dead)
1 | R | 0 ms  (dead)
Round 33
3 | D | 0 ms  
2 | D | 0 ms  (dead)
4 | R | 0 ms  (dead)
1 | R | 0 ms  (dead)
