Round 1
1 | L | 0 ms  
4 | R | 0 ms  
3 | D | 0 ms  
2 | D | 0 ms  
Round 2
1 | L | 0 ms  
4 | D | 0 ms  
3 | D | 0 ms  
2 | D | 0 ms  
Round 3
1 | L | 14 ms  
4 | R | 4 ms  
3 | D | 4 ms  
2 | D | 0 ms  
Round 4
1 | U | 0 ms  
4 | R | 0 ms  
3 | L | 0 ms  
2 | D | 0 ms  
Round 5
1 | R | 0 ms  
4 | R | 0 ms  
3 | U | 0 ms  
2 | L | 0 ms  
Round 6
1 | U | 1 ms  
4 | R | 0 ms  
3 | L | 0 ms  
2 | U | 0 ms  
Round 7
1 | L | 0 ms  
4 | R | 0 ms  
3 | L | 0 ms  
2 | L | 0 ms  
Round 8
1 | L | 0 ms  
4 | U | 0 ms  
3 | U | 0 ms  
2 | D | 0 ms  
Round 9
1 | U | 0 ms  
4 | R | 0 ms  
3 | U | 0 ms  
2 | L | 0 ms  
Round 10
1 | U | 0 ms  
4 | R | 0 ms  
3 | R | 0 ms  
2 | U | 0 ms  
Round 11
1 | U | 0 ms  
4 | R | 0 ms  
3 | U | 0 ms  
2 | L | 0 ms  
Round 12
1 | U | 0 ms  
4 | R | 0 ms  
3 | R | 0 ms  
2 | D | 0 ms  
Round 13
1 | L | 0 ms  
4 | R | 0 ms  (dead)
3 | R | 3 ms  
2 | L | 0 ms  
Round 14
1 | L | 0 ms  
4 | R | 0 ms  (dead)
3 | R | 0 ms  
2 | L | 0 ms  
Round 15
1 | L | 0 ms  
4 | R | 0 ms  (dead)
3 | R | 0 ms  
2 | D | 0 ms  
Round 16
1 | U | 0 ms  
4 | R | 0 ms  (dead)
3 | U | 0 ms  
2 | D | 0 ms  (dead)
Round 17
1 | R | 0 ms  
4 | R | 0 ms  (dead)
3 | L | 0 ms  
2 | D | 0 ms  (dead)
Round 18
1 | R | 0 ms  
4 | R | 0 ms  (dead)
3 | L | 0 ms  
2 | D | 0 ms  (dead)
Round 19
1 | R | 0 ms  
4 | R | 0 ms  (dead)
3 | L | 1 ms  
2 | D | 0 ms  (dead)
Round 20
1 | R | 0 ms  
4 | R | 0 ms  (dead)
3 | L | 1 ms  
2 | D | 0 ms  (dead)
Round 21
1 | U | 0 ms  
4 | R | 0 ms  (dead)
3 | U | 1 ms  
2 | D | 0 ms  (dead)
Round 22
1 | L | 0 ms  
4 | R | 0 ms  (dead)
3 | R | 0 ms  
2 | D | 0 ms  (dead)
Round 23
1 | L | 0 ms  
4 | R | 0 ms  (dead)
3 | R | 0 ms  
2 | D | 14 ms  (dead)
Round 24
1 | L | 0 ms  
4 | R | 0 ms  (dead)
3 | R | 0 ms  
2 | D | 0 ms  (dead)
Round 25
1 | L | 0 ms  
4 | R | 0 ms  (dead)
3 | R | 0 ms  
2 | D | 0 ms  (dead)
Round 26
1 | U | 0 ms  
4 | R | 0 ms  (dead)
3 | U | 0 ms  
2 | D | 0 ms  (dead)
Round 27
1 | R | 1 ms  
4 | R | 0 ms  (dead)
3 | D | 0 ms  
2 | D | 1 ms  (dead)
Round 28
1 | R | 0 ms  
4 | R | 0 ms  (dead)
3 | D | 0 ms  (dead)
2 | D | 0 ms  (dead)
Round 29
1 | R | 1 ms  
4 | R | 0 ms  (dead)
3 | D | 0 ms  (dead)
2 | D | 0 ms  (dead)
