Round 1
4 | null | 500+ ms (timeout) 
1 | L | 331 ms  
2 | L | 358 ms  
3 | U | 321 ms  
Round 2
4 | null | 500+ ms (timeout) (dead)
1 | L | 13 ms  
2 | L | 0 ms  
3 | U | 0 ms  
Round 3
4 | null | 500+ ms (timeout) (dead)
1 | L | 10 ms  
2 | L | 0 ms  
3 | U | 1 ms  
Round 4
4 | null | 500+ ms (timeout) (dead)
1 | L | 89 ms  
2 | L | 0 ms  
3 | U | 2 ms  
Round 5
4 | null | 500+ ms (timeout) (dead)
1 | U | 53 ms  
2 | D | 1 ms  
3 | R | 0 ms  
Round 6
4 | null | 500+ ms (timeout) (dead)
1 | R | 43 ms  
2 | D | 0 ms  
3 | U | 0 ms  
Round 7
4 | null | 500+ ms (timeout) (dead)
1 | R | 53 ms  
2 | D | 0 ms  
3 | U | 1 ms  
Round 8
4 | null | 500+ ms (timeout) (dead)
1 | R | 27 ms  
2 | L | 0 ms  
3 | R | 3 ms  
Round 9
4 | null | 500+ ms (timeout) (dead)
1 | R | 33 ms  
2 | L | 0 ms  
3 | U | 2 ms  
Round 10
4 | null | 500+ ms (timeout) (dead)
1 | R | 1 ms  
2 | L | 0 ms  
3 | U | 0 ms  
Round 11
4 | null | 500+ ms (timeout) (dead)
1 | R | 13 ms  (dead)
2 | L | 0 ms  
3 | U | 0 ms  
Round 12
4 | null | 500+ ms (timeout) (dead)
1 | R | 14 ms  (dead)
2 | L | 11 ms  
3 | R | 9 ms  
Round 13
4 | null | 500+ ms (timeout) (dead)
1 | R | 0 ms  (dead)
2 | L | 0 ms  
3 | R | 0 ms  
Round 14
4 | null | 500+ ms (timeout) (dead)
1 | R | 0 ms  (dead)
2 | L | 0 ms  
3 | R | 0 ms  
Round 15
4 | null | 500+ ms (timeout) (dead)
1 | R | 50 ms  (dead)
2 | L | 0 ms  
3 | R | 0 ms  
Round 16
4 | null | 500+ ms (timeout) (dead)
1 | R | 60 ms  (dead)
2 | D | 0 ms  
3 | U | 18 ms  
Round 17
4 | null | 500+ ms (timeout) (dead)
1 | R | 18 ms  (dead)
2 | D | 0 ms  
3 | U | 0 ms  
Round 18
4 | null | 500+ ms (timeout) (dead)
1 | R | 0 ms  (dead)
2 | D | 19 ms  
3 | U | 0 ms  
Round 19
4 | null | 500+ ms (timeout) (dead)
1 | R | 0 ms  (dead)
2 | D | 0 ms  
3 | U | 0 ms  
Round 20
4 | null | 500+ ms (timeout) (dead)
1 | R | 0 ms  (dead)
2 | D | 0 ms  
3 | U | 0 ms  
Round 21
4 | null | 500+ ms (timeout) (dead)
1 | R | 0 ms  (dead)
2 | D | 0 ms  
3 | R | 0 ms  
Round 22
4 | null | 500+ ms (timeout) (dead)
1 | R | 0 ms  (dead)
2 | L | 0 ms  
3 | R | 0 ms  
Round 23
4 | null | 500+ ms (timeout) (dead)
1 | R | 0 ms  (dead)
2 | L | 5 ms  
3 | R | 0 ms  
Round 24
4 | null | 500+ ms (timeout) (dead)
1 | R | 0 ms  (dead)
2 | U | 30 ms  
3 | D | 0 ms  
Round 25
4 | null | 500+ ms (timeout) (dead)
1 | R | 0 ms  (dead)
2 | U | 0 ms  
3 | L | 1 ms  
Round 26
4 | null | 500+ ms (timeout) (dead)
1 | R | 0 ms  (dead)
2 | R | 0 ms  
3 | L | 0 ms  
Round 27
4 | null | 500+ ms (timeout) (dead)
1 | R | 1 ms  (dead)
2 | D | 0 ms  
3 | D | 0 ms  
Round 28
4 | null | 500+ ms (timeout) (dead)
1 | R | 0 ms  (dead)
2 | D | 0 ms  
3 | R | 0 ms  
Round 29
4 | null | 500+ ms (timeout) (dead)
1 | R | 0 ms  (dead)
2 | D | 1 ms  (dead)
3 | R | 1 ms  
Round 30
4 | null | 500+ ms (timeout) (dead)
1 | R | 15 ms  (dead)
2 | D | 0 ms  (dead)
3 | D | 1 ms  
Round 31
4 | null | 500+ ms (timeout) (dead)
1 | R | 0 ms  (dead)
2 | D | 0 ms  (dead)
3 | L | 0 ms  
Round 32
4 | null | 500+ ms (timeout) (dead)
1 | R | 0 ms  (dead)
2 | D | 0 ms  (dead)
3 | L | 0 ms  
Round 33
4 | null | 500+ ms (timeout) (dead)
1 | R | 0 ms  (dead)
2 | D | 0 ms  (dead)
3 | D | 0 ms  
Round 34
4 | null | 500+ ms (timeout) (dead)
1 | R | 0 ms  (dead)
2 | D | 0 ms  (dead)
3 | R | 0 ms  
Round 35
4 | null | 500+ ms (timeout) (dead)
1 | R | 0 ms  (dead)
2 | D | 0 ms  (dead)
3 | R | 0 ms  
Round 36
4 | null | 500+ ms (timeout) (dead)
1 | R | 7 ms  (dead)
2 | D | 5 ms  (dead)
3 | D | 6 ms  
Round 37
4 | null | 500+ ms (timeout) (dead)
1 | R | 0 ms  (dead)
2 | D | 0 ms  (dead)
3 | R | 0 ms  
Round 38
4 | null | 500+ ms (timeout) (dead)
1 | R | 3 ms  (dead)
2 | D | 0 ms  (dead)
3 | D | 0 ms  
Round 39
4 | null | 500+ ms (timeout) (dead)
1 | R | 0 ms  (dead)
2 | D | 0 ms  (dead)
3 | L | 0 ms  
Round 40
4 | null | 500+ ms (timeout) (dead)
1 | R | 0 ms  (dead)
2 | D | 0 ms  (dead)
3 | L | 0 ms  
Round 41
4 | null | 500+ ms (timeout) (dead)
1 | R | 0 ms  (dead)
2 | D | 0 ms  (dead)
3 | U | 0 ms  
Round 42
4 | null | 500+ ms (timeout) (dead)
1 | R | 0 ms  (dead)
2 | D | 0 ms  (dead)
3 | L | 4 ms  
Round 43
4 | null | 500+ ms (timeout) (dead)
1 | R | 0 ms  (dead)
2 | D | 7 ms  (dead)
3 | D | 0 ms  
Round 44
4 | null | 500+ ms (timeout) (dead)
1 | R | 0 ms  (dead)
2 | D | 0 ms  (dead)
3 | L | 0 ms  
Round 45
4 | null | 500+ ms (timeout) (dead)
1 | R | 0 ms  (dead)
2 | D | 0 ms  (dead)
3 | L | 0 ms  
Round 46
4 | null | 500+ ms (timeout) (dead)
1 | R | 0 ms  (dead)
2 | D | 1 ms  (dead)
3 | L | 0 ms  
Round 47
4 | null | 500+ ms (timeout) (dead)
1 | R | 0 ms  (dead)
2 | D | 0 ms  (dead)
3 | L | 0 ms  
Round 48
4 | null | 500+ ms (timeout) (dead)
1 | R | 0 ms  (dead)
2 | D | 0 ms  (dead)
3 | D | 0 ms  
