Round 1
2 | R | 0 ms  
4 | null | 500+ ms (timeout) 
1 | L | 0 ms  
3 | U | 0 ms  
Round 2
2 | R | 0 ms  
4 | null | 500+ ms (timeout) (dead)
1 | L | 0 ms  
3 | U | 0 ms  
Round 3
2 | R | 0 ms  
4 | null | 500+ ms (timeout) (dead)
1 | L | 0 ms  
3 | U | 0 ms  
Round 4
2 | R | 0 ms  
4 | null | 500+ ms (timeout) (dead)
1 | L | 0 ms  
3 | R | 0 ms  
Round 5
2 | D | 0 ms  
4 | null | 500+ ms (timeout) (dead)
1 | U | 2 ms  
3 | U | 0 ms  
Round 6
2 | D | 0 ms  
4 | null | 500+ ms (timeout) (dead)
1 | R | 0 ms  
3 | R | 0 ms  
Round 7
2 | D | 0 ms  
4 | null | 500+ ms (timeout) (dead)
1 | R | 0 ms  
3 | U | 0 ms  
Round 8
2 | D | 0 ms  
4 | null | 500+ ms (timeout) (dead)
1 | R | 0 ms  
3 | U | 0 ms  
Round 9
2 | D | 0 ms  
4 | null | 500+ ms (timeout) (dead)
1 | R | 1 ms  
3 | U | 0 ms  
Round 10
2 | D | 0 ms  
4 | null | 500+ ms (timeout) (dead)
1 | R | 0 ms  
3 | U | 0 ms  
Round 11
2 | D | 0 ms  
4 | null | 500+ ms (timeout) (dead)
1 | R | 0 ms  
3 | U | 0 ms  
Round 12
2 | D | 0 ms  
4 | null | 500+ ms (timeout) (dead)
1 | R | 0 ms  
3 | R | 0 ms  
Round 13
2 | D | 0 ms  
4 | null | 500+ ms (timeout) (dead)
1 | U | 0 ms  
3 | R | 0 ms  
Round 14
2 | R | 0 ms  
4 | null | 500+ ms (timeout) (dead)
1 | L | 6 ms  
3 | R | 0 ms  
Round 15
2 | R | 0 ms  
4 | null | 500+ ms (timeout) (dead)
1 | L | 0 ms  
3 | R | 0 ms  
Round 16
2 | D | 0 ms  
4 | null | 500+ ms (timeout) (dead)
1 | L | 0 ms  
3 | U | 0 ms  
Round 17
2 | D | 0 ms  
4 | null | 500+ ms (timeout) (dead)
1 | L | 0 ms  
3 | R | 0 ms  
Round 18
2 | L | 0 ms  (dead)
4 | null | 500+ ms (timeout) (dead)
1 | L | 0 ms  
3 | R | 0 ms  
Round 19
2 | L | 0 ms  (dead)
4 | null | 500+ ms (timeout) (dead)
1 | L | 0 ms  
3 | D | 0 ms  
Round 20
2 | L | 0 ms  (dead)
4 | null | 500+ ms (timeout) (dead)
1 | L | 0 ms  
3 | L | 0 ms  
Round 21
2 | L | 0 ms  (dead)
4 | null | 500+ ms (timeout) (dead)
1 | L | 26 ms  
3 | D | 0 ms  
Round 22
2 | L | 0 ms  (dead)
4 | null | 500+ ms (timeout) (dead)
1 | L | 9 ms  (dead)
3 | R | 1 ms  
Round 23
2 | L | 0 ms  (dead)
4 | null | 500+ ms (timeout) (dead)
1 | L | 7 ms  (dead)
3 | D | 0 ms  
Round 24
2 | L | 0 ms  (dead)
4 | null | 500+ ms (timeout) (dead)
1 | L | 0 ms  (dead)
3 | L | 0 ms  
Round 25
2 | L | 0 ms  (dead)
4 | null | 500+ ms (timeout) (dead)
1 | L | 0 ms  (dead)
3 | L | 0 ms  
Round 26
2 | L | 0 ms  (dead)
4 | null | 500+ ms (timeout) (dead)
1 | L | 0 ms  (dead)
3 | U | 0 ms  
Round 27
2 | L | 0 ms  (dead)
4 | null | 500+ ms (timeout) (dead)
1 | L | 0 ms  (dead)
3 | L | 0 ms  
Round 28
2 | L | 0 ms  (dead)
4 | null | 500+ ms (timeout) (dead)
1 | L | 0 ms  (dead)
3 | L | 0 ms  
Round 29
2 | L | 0 ms  (dead)
4 | null | 500+ ms (timeout) (dead)
1 | L | 0 ms  (dead)
3 | L | 1 ms  
Round 30
2 | L | 0 ms  (dead)
4 | null | 500+ ms (timeout) (dead)
1 | L | 0 ms  (dead)
3 | D | 0 ms  
Round 31
2 | L | 0 ms  (dead)
4 | null | 500+ ms (timeout) (dead)
1 | L | 0 ms  (dead)
3 | R | 0 ms  
Round 32
2 | L | 0 ms  (dead)
4 | null | 500+ ms (timeout) (dead)
1 | L | 0 ms  (dead)
3 | R | 0 ms  
Round 33
2 | L | 0 ms  (dead)
4 | null | 500+ ms (timeout) (dead)
1 | L | 0 ms  (dead)
3 | D | 0 ms  
Round 34
2 | L | 0 ms  (dead)
4 | null | 500+ ms (timeout) (dead)
1 | L | 0 ms  (dead)
3 | R | 0 ms  
Round 35
2 | L | 1 ms  (dead)
4 | null | 500+ ms (timeout) (dead)
1 | L | 0 ms  (dead)
3 | R | 0 ms  
Round 36
2 | L | 0 ms  (dead)
4 | null | 500+ ms (timeout) (dead)
1 | L | 0 ms  (dead)
3 | R | 0 ms  
Round 37
2 | L | 0 ms  (dead)
4 | null | 500+ ms (timeout) (dead)
1 | L | 0 ms  (dead)
3 | D | 0 ms  
